<?xml version="1.0" encoding="UTF-8"?>
<testsuite xmlns:xsi="http://www.w3.org/2001/XMLSchema-instance" xsi:noNamespaceSchemaLocation="https://maven.apache.org/surefire/maven-surefire-plugin/xsd/surefire-test-report.xsd" version="3.0.2" name="com.foodScanner.scanner.ScannerApplicationTests" time="3.806" tests="1" errors="0" skipped="0" failures="0">
  <properties>
[...]
</properties>
  <testcase name="contextLoads" classname="com.foodScanner.scanner.ScannerApplicationTests" time="0.953">
    <system-out><![CDATA[10:52:54.235 [main] INFO org.springframework.test.context.support.AnnotationConfigContextLoaderUtils -- Could not detect default configuration classes for test class [com.foodScanner.scanner.ScannerApplicationTests]: ScannerApplicationTests does not declare any static, non-private, non-final, nested classes annotated with @Configuration.
10:52:54.377 [main] INFO org.springframework.boot.test.context.SpringBootTestContextBootstrapper -- Found @SpringBootConfiguration com.foodScanner.scanner.ScannerApplication for test class com.foodScanner.scanner.ScannerApplicationTests

  .   ____          _            __ _ _
 /\\ / ___'_ __ _ _(_)_ __  __ _ \ \ \ \
( ( )\___ | '_ | '_| | '_ \/ _` | \ \ \ \
 \\/  ___)| |_)| | | | | || (_| |  ) ) ) )
  '  |____| .__|_| |_|_| |_\__, | / / / /
 =========|_|==============|___/=/_/_/_/

 :: Spring Boot ::                (v3.4.1)

2025-01-12T10:52:54.911+05:30  WARN 5410 --- [scanner] [           main] ory$DuplicateJsonObjectContextCustomizer : 

Found multiple occurrences of org.json.JSONObject on the class path:

	jar:file:/home/harsh/.m2/repository/org/json/json/20231013/json-20231013.jar!/org/json/JSONObject.class
	jar:file:/home/harsh/.m2/repository/com/vaadin/external/google/android-json/0.0.20131108.vaadin1/android-json-0.0.20131108.vaadin1.jar!/org/json/JSONObject.class

You may wish to exclude one of them to ensure predictable runtime behavior

2025-01-12T10:52:54.936+05:30  INFO 5410 --- [scanner] [           main] c.f.scanner.ScannerApplicationTests      : Starting ScannerApplicationTests using Java 17.0.13 with PID 5410 (started by harsh in /home/harsh/programming/food scanner/backend/scanner)
2025-01-12T10:52:54.938+05:30  INFO 5410 --- [scanner] [           main] c.f.scanner.ScannerApplicationTests      : No active profile set, falling back to 1 default profile: "default"
2025-01-12T10:52:56.864+05:30  INFO 5410 --- [scanner] [           main] c.f.scanner.ScannerApplicationTests      : Started ScannerApplicationTests in 2.291 seconds (process running for 3.577)
]]></system-out>
  </testcase>
</testsuite>